ISim log file
Running: D:\B_ise\BelleII\simulation\lemo_trg_cntr_tb_isim_beh.exe -intstyle ise -gui -tclbatch isim.cmd -wdb D:/B_ise/BelleII/simulation/lemo_trg_cntr_tb_isim_beh.wdb 
ISim P.20131013 (signature 0x7708f090)
----------------------------------------------------------------------
INFO:Security:51 - The XILINXD_LICENSE_FILE environment variable is not set.
INFO:Security:52 - The LM_LICENSE_FILE environment variable is set to '1717@themis.e18.ph.tum.de'.
WARNING:Security:43 - No license file was found in the standard Xilinx license directory.
WARNING:Security:44 - Since no license file was found,
       please run the Xilinx License Configuration Manager
       (xlcm or "Manage Xilinx Licenses")
       to assist in obtaining a license.
WARNING:Security:42 - Your software subscription period has lapsed. Your current version of Xilinx tools will continue to function, but you no longer qualify for Xilinx software updates or new releases.


----------------------------------------------------------------------
This is a Full version of ISim.
Time resolution is 1 ps
# onerror resume
# wave add /
# run 10us
Simulator is doing circuit initialization process.
Finished circuit initialization process.
# restart
# run all
Simulator is doing circuit initialization process.
Finished circuit initialization process.
Stopped at time : 22614990 ns : File "D:/B_ise/BelleII/simulation/vhdl/lemo_trg_cntr_tb.vhd" Line 89
# restart
# run all
Simulator is doing circuit initialization process.
Finished circuit initialization process.
Stopped at time : 29542835 ns : File "D:/B_ise/BelleII/simulation/vhdl/lemo_trg_cntr.vhd" Line 84
